D:\DATASTRUC LAB\LAB2\DEBUG\LAB2.EXE
D:\DATASTRUC LAB\LAB2\DEBUG\LAB2.ILK
D:\DATASTRUC LAB\LAB2\DEBUG\LAB2.PDB
D:\datastruc lab\lab2\lab2\Debug\cl.command.1.tlog
D:\datastruc lab\lab2\lab2\Debug\CL.read.1.tlog
D:\datastruc lab\lab2\lab2\Debug\CL.write.1.tlog
D:\DATASTRUC LAB\LAB2\LAB2\DEBUG\LAB2.EXE.EMBED.MANIFEST
D:\DATASTRUC LAB\LAB2\LAB2\DEBUG\LAB2.EXE.EMBED.MANIFEST.RES
D:\DATASTRUC LAB\LAB2\LAB2\DEBUG\LAB2.EXE.INTERMEDIATE.MANIFEST
D:\datastruc lab\lab2\lab2\Debug\lab2.write.1.tlog
D:\DATASTRUC LAB\LAB2\LAB2\DEBUG\LAB2_1.OBJ
D:\datastruc lab\lab2\lab2\Debug\lab2_manifest.rc
D:\datastruc lab\lab2\lab2\Debug\link.5040.read.1.tlog
D:\datastruc lab\lab2\lab2\Debug\link.5040.write.1.tlog
D:\datastruc lab\lab2\lab2\Debug\link.5040-cvtres.read.1.tlog
D:\datastruc lab\lab2\lab2\Debug\link.5040-cvtres.write.1.tlog
D:\datastruc lab\lab2\lab2\Debug\link.command.1.tlog
D:\datastruc lab\lab2\lab2\Debug\link.read.1.tlog
D:\datastruc lab\lab2\lab2\Debug\link.write.1.tlog
D:\datastruc lab\lab2\lab2\Debug\link-cvtres.read.1.tlog
D:\datastruc lab\lab2\lab2\Debug\link-cvtres.write.1.tlog
D:\datastruc lab\lab2\lab2\Debug\mt.command.1.tlog
D:\datastruc lab\lab2\lab2\Debug\mt.read.1.tlog
D:\datastruc lab\lab2\lab2\Debug\mt.write.1.tlog
D:\datastruc lab\lab2\lab2\Debug\rc.command.1.tlog
D:\datastruc lab\lab2\lab2\Debug\rc.read.1.tlog
D:\datastruc lab\lab2\lab2\Debug\rc.write.1.tlog
D:\datastruc lab\lab2\lab2\Debug\vc100.idb
D:\DATASTRUC LAB\LAB2\LAB2\DEBUG\VC100.PDB
