Build started 24/6/2556 17:50:46.
     1>Project "D:\datastruc lab\lab2\lab2\lab2.vcxproj" on node 2 (build target(s)).
     1>InitializeBuildStatus:
         Creating "Debug\lab2.unsuccessfulbuild" because "AlwaysCreate" was specified.
       ClCompile:
         D:\Program Files (x86)\Microsoft Visual Studio 10.0\VC\bin\CL.exe /c /ZI /nologo /W3 /WX- /Od /Oy- /D WIN32 /D _DEBUG /D _CONSOLE /D _UNICODE /D UNICODE /Gm /EHsc /RTC1 /MDd /GS /fp:precise /Zc:wchar_t /Zc:forScope /Fo"Debug\\" /Fd"Debug\vc100.pdb" /Gd /TP /analyze- /errorReport:prompt lab2_1.cpp scramble.cpp
         lab2_1.cpp
         Generating Code...
         Compiling...
         scramble.cpp
     1>d:\datastruc lab\lab2\lab2\scramble.cpp(10): warning C4244: 'initializing' : conversion from 'double' to 'int', possible loss of data
     1>d:\datastruc lab\lab2\lab2\scramble.cpp(21): warning C4018: '<' : signed/unsigned mismatch
         Generating Code...
       ManifestResourceCompile:
         All outputs are up-to-date.
       Link:
         D:\Program Files (x86)\Microsoft Visual Studio 10.0\VC\bin\link.exe /ERRORREPORT:PROMPT /OUT:"D:\datastruc lab\lab2\Debug\lab2.exe" /INCREMENTAL /NOLOGO kernel32.lib user32.lib gdi32.lib winspool.lib comdlg32.lib advapi32.lib shell32.lib ole32.lib oleaut32.lib uuid.lib odbc32.lib odbccp32.lib /MANIFEST /ManifestFile:"Debug\lab2.exe.intermediate.manifest" /MANIFESTUAC:"level='asInvoker' uiAccess='false'" /DEBUG /PDB:"D:\datastruc lab\lab2\Debug\lab2.pdb" /SUBSYSTEM:CONSOLE /TLBID:1 /DYNAMICBASE /NXCOMPAT /IMPLIB:"D:\datastruc lab\lab2\Debug\lab2.lib" /MACHINE:X86 Debug\lab2.exe.embed.manifest.res
         Debug\lab2_1.obj
         Debug\scramble.obj
       Manifest:
         C:\Program Files (x86)\Microsoft SDKs\Windows\v7.0A\bin\mt.exe /nologo /verbose /out:"Debug\lab2.exe.embed.manifest" /manifest Debug\lab2.exe.intermediate.manifest
         All outputs are up-to-date.
       LinkEmbedManifest:
         All outputs are up-to-date.
         lab2.vcxproj -> D:\datastruc lab\lab2\Debug\lab2.exe
       FinalizeBuildStatus:
         Deleting file "Debug\lab2.unsuccessfulbuild".
         Touching "Debug\lab2.lastbuildstate".
     1>Done Building Project "D:\datastruc lab\lab2\lab2\lab2.vcxproj" (build target(s)).

Build succeeded.

Time Elapsed 00:00:01.30
